0 info it worked if it ends with ok
1 verbose cli [ '/Users/dgrubelic/.nvm/versions/node/v5.12.0/bin/node',
1 verbose cli   '/Users/dgrubelic/.nvm/versions/node/v5.12.0/bin/npm',
1 verbose cli   'run',
1 verbose cli   'dev' ]
2 info using npm@3.8.6
3 info using node@v5.12.0
4 verbose run-script [ 'predev', 'dev', 'postdev' ]
5 info lifecycle project-boilerplate@1.0.0~predev: project-boilerplate@1.0.0
6 silly lifecycle project-boilerplate@1.0.0~predev: no script for predev, continuing
7 info lifecycle project-boilerplate@1.0.0~dev: project-boilerplate@1.0.0
8 verbose lifecycle project-boilerplate@1.0.0~dev: unsafe-perm in lifecycle true
9 verbose lifecycle project-boilerplate@1.0.0~dev: PATH: /Users/dgrubelic/.nvm/versions/node/v5.12.0/lib/node_modules/npm/bin/node-gyp-bin:/Users/dgrubelic/Workspace/uxpassion/university-macedonia/ask-youth-front/node_modules/.bin:/Users/dgrubelic/.nvm/versions/node/v5.12.0/bin:/Users/dgrubelic/.nvm/versions/node/v5.12.0/bin:/usr/local/bin:/usr/bin:/bin:/usr/sbin:/sbin
10 verbose lifecycle project-boilerplate@1.0.0~dev: CWD: /Users/dgrubelic/Workspace/uxpassion/university-macedonia/ask-youth-front
11 silly lifecycle project-boilerplate@1.0.0~dev: Args: [ '-c',
11 silly lifecycle   'DEBUG=app:* parallelshell "node-dev index.js" "./node_modules/.bin/gulp dev"' ]
12 silly lifecycle project-boilerplate@1.0.0~dev: Returned: code: 1  signal: null
13 info lifecycle project-boilerplate@1.0.0~dev: Failed to exec dev script
14 verbose stack Error: project-boilerplate@1.0.0 dev: `DEBUG=app:* parallelshell "node-dev index.js" "./node_modules/.bin/gulp dev"`
14 verbose stack Exit status 1
14 verbose stack     at EventEmitter.<anonymous> (/Users/dgrubelic/.nvm/versions/node/v5.12.0/lib/node_modules/npm/lib/utils/lifecycle.js:239:16)
14 verbose stack     at emitTwo (events.js:100:13)
14 verbose stack     at EventEmitter.emit (events.js:185:7)
14 verbose stack     at ChildProcess.<anonymous> (/Users/dgrubelic/.nvm/versions/node/v5.12.0/lib/node_modules/npm/lib/utils/spawn.js:24:14)
14 verbose stack     at emitTwo (events.js:100:13)
14 verbose stack     at ChildProcess.emit (events.js:185:7)
14 verbose stack     at maybeClose (internal/child_process.js:850:16)
14 verbose stack     at Process.ChildProcess._handle.onexit (internal/child_process.js:215:5)
15 verbose pkgid project-boilerplate@1.0.0
16 verbose cwd /Users/dgrubelic/Workspace/uxpassion/university-macedonia/ask-youth-front
17 error Darwin 16.0.0
18 error argv "/Users/dgrubelic/.nvm/versions/node/v5.12.0/bin/node" "/Users/dgrubelic/.nvm/versions/node/v5.12.0/bin/npm" "run" "dev"
19 error node v5.12.0
20 error npm  v3.8.6
21 error code ELIFECYCLE
22 error project-boilerplate@1.0.0 dev: `DEBUG=app:* parallelshell "node-dev index.js" "./node_modules/.bin/gulp dev"`
22 error Exit status 1
23 error Failed at the project-boilerplate@1.0.0 dev script 'DEBUG=app:* parallelshell "node-dev index.js" "./node_modules/.bin/gulp dev"'.
23 error Make sure you have the latest version of node.js and npm installed.
23 error If you do, this is most likely a problem with the project-boilerplate package,
23 error not with npm itself.
23 error Tell the author that this fails on your system:
23 error     DEBUG=app:* parallelshell "node-dev index.js" "./node_modules/.bin/gulp dev"
23 error You can get information on how to open an issue for this project with:
23 error     npm bugs project-boilerplate
23 error Or if that isn't available, you can get their info via:
23 error     npm owner ls project-boilerplate
23 error There is likely additional logging output above.
24 verbose exit [ 1, true ]
